This file contains any messages produced by compilers while
running configure, to aid debugging if configure makes a mistake.

It was created by agent2d configure 3.1.1, which was
generated by GNU Autoconf 2.69.  Invocation command line was

  $ ./configure 

## --------- ##
## Platform. ##
## --------- ##

hostname = glopes-Ideapad
uname -m = x86_64
uname -r = 5.4.0-121-generic
uname -s = Linux
uname -v = #137-Ubuntu SMP Wed Jun 15 13:33:07 UTC 2022

/usr/bin/uname -p = unknown
/bin/uname -X     = unknown

/bin/arch              = unknown
/usr/bin/arch -k       = unknown
/usr/convex/getsysinfo = unknown
/usr/bin/hostinfo      = unknown
/bin/machine           = unknown
/usr/bin/oslevel       = unknown
/bin/universe          = unknown

PATH: /home/glopes/miniconda3/bin
PATH: /home/glopes/miniconda3/condabin
PATH: /usr/local/sbin
PATH: /usr/local/bin
PATH: /usr/sbin
PATH: /usr/bin
PATH: /sbin
PATH: /bin
PATH: /usr/games
PATH: /usr/local/games
PATH: /snap/bin


## ----------- ##
## Core tests. ##
## ----------- ##

configure:2329: checking for a BSD-compatible install
configure:2397: result: /usr/bin/install -c
configure:2408: checking whether build environment is sane
configure:2463: result: yes
configure:2612: checking for a thread-safe mkdir -p
configure:2651: result: /bin/mkdir -p
configure:2658: checking for gawk
configure:2688: result: no
configure:2658: checking for mawk
configure:2674: found /usr/bin/mawk
configure:2685: result: mawk
configure:2696: checking whether make sets $(MAKE)
configure:2718: result: yes
configure:2747: checking whether make supports nested variables
configure:2764: result: yes
configure:2958: checking for g++
configure:2974: found /usr/bin/g++
configure:2985: result: g++
configure:3012: checking for C++ compiler version
configure:3021: g++ --version >&5
g++ (Ubuntu 9.4.0-1ubuntu1~20.04.1) 9.4.0
Copyright (C) 2019 Free Software Foundation, Inc.
This is free software; see the source for copying conditions.  There is NO
warranty; not even for MERCHANTABILITY or FITNESS FOR A PARTICULAR PURPOSE.

configure:3032: $? = 0
configure:3021: g++ -v >&5
Using built-in specs.
COLLECT_GCC=g++
COLLECT_LTO_WRAPPER=/usr/lib/gcc/x86_64-linux-gnu/9/lto-wrapper
OFFLOAD_TARGET_NAMES=nvptx-none:hsa
OFFLOAD_TARGET_DEFAULT=1
Target: x86_64-linux-gnu
Configured with: ../src/configure -v --with-pkgversion='Ubuntu 9.4.0-1ubuntu1~20.04.1' --with-bugurl=file:///usr/share/doc/gcc-9/README.Bugs --enable-languages=c,ada,c++,go,brig,d,fortran,objc,obj-c++,gm2 --prefix=/usr --with-gcc-major-version-only --program-suffix=-9 --program-prefix=x86_64-linux-gnu- --enable-shared --enable-linker-build-id --libexecdir=/usr/lib --without-included-gettext --enable-threads=posix --libdir=/usr/lib --enable-nls --enable-clocale=gnu --enable-libstdcxx-debug --enable-libstdcxx-time=yes --with-default-libstdcxx-abi=new --enable-gnu-unique-object --disable-vtable-verify --enable-plugin --enable-default-pie --with-system-zlib --with-target-system-zlib=auto --enable-objc-gc=auto --enable-multiarch --disable-werror --with-arch-32=i686 --with-abi=m64 --with-multilib-list=m32,m64,mx32 --enable-multilib --with-tune=generic --enable-offload-targets=nvptx-none=/build/gcc-9-Av3uEd/gcc-9-9.4.0/debian/tmp-nvptx/usr,hsa --without-cuda-driver --enable-checking=release --build=x86_64-linux-gnu --host=x86_64-linux-gnu --target=x86_64-linux-gnu
Thread model: posix
gcc version 9.4.0 (Ubuntu 9.4.0-1ubuntu1~20.04.1) 
configure:3032: $? = 0
configure:3021: g++ -V >&5
g++: error: unrecognized command line option '-V'
g++: fatal error: no input files
compilation terminated.
configure:3032: $? = 1
configure:3021: g++ -qversion >&5
g++: error: unrecognized command line option '-qversion'; did you mean '--version'?
g++: fatal error: no input files
compilation terminated.
configure:3032: $? = 1
configure:3052: checking whether the C++ compiler works
configure:3074: g++    conftest.cpp  >&5
configure:3078: $? = 0
configure:3126: result: yes
configure:3129: checking for C++ compiler default output file name
configure:3131: result: a.out
configure:3137: checking for suffix of executables
configure:3144: g++ -o conftest    conftest.cpp  >&5
configure:3148: $? = 0
configure:3170: result: 
configure:3192: checking whether we are cross compiling
configure:3200: g++ -o conftest    conftest.cpp  >&5
configure:3204: $? = 0
configure:3211: ./conftest
configure:3215: $? = 0
configure:3203: result: no
configure:3208: checking for suffix of object files
configure:3230: g++ -c   conftest.cpp >&5
configure:3234: $? = 0
configure:3255: result: o
configure:3259: checking whether we are using the GNU C++ compiler
configure:3278: g++ -c   conftest.cpp >&5
configure:3278: $? = 0
configure:3287: result: yes
configure:3296: checking whether g++ accepts -g
configure:3316: g++ -c -g  conftest.cpp >&5
configure:3316: $? = 0
configure:3357: result: yes
configure:3383: checking whether make supports the include directive
configure:3398: make -f confmf.GNU && cat confinc.out
this is the am__doit target
configure:3401: $? = 0
configure:3420: result: yes (GNU style)
configure:3445: checking dependency style of g++
configure:3556: result: gcc3
configure:3619: checking for gcc
configure:3635: found /usr/bin/gcc
configure:3646: result: gcc
configure:3875: checking for C compiler version
configure:3884: gcc --version >&5
gcc (Ubuntu 9.4.0-1ubuntu1~20.04.1) 9.4.0
Copyright (C) 2019 Free Software Foundation, Inc.
This is free software; see the source for copying conditions.  There is NO
warranty; not even for MERCHANTABILITY or FITNESS FOR A PARTICULAR PURPOSE.

configure:3895: $? = 0
configure:3884: gcc -v >&5
Using built-in specs.
COLLECT_GCC=gcc
COLLECT_LTO_WRAPPER=/usr/lib/gcc/x86_64-linux-gnu/9/lto-wrapper
OFFLOAD_TARGET_NAMES=nvptx-none:hsa
OFFLOAD_TARGET_DEFAULT=1
Target: x86_64-linux-gnu
Configured with: ../src/configure -v --with-pkgversion='Ubuntu 9.4.0-1ubuntu1~20.04.1' --with-bugurl=file:///usr/share/doc/gcc-9/README.Bugs --enable-languages=c,ada,c++,go,brig,d,fortran,objc,obj-c++,gm2 --prefix=/usr --with-gcc-major-version-only --program-suffix=-9 --program-prefix=x86_64-linux-gnu- --enable-shared --enable-linker-build-id --libexecdir=/usr/lib --without-included-gettext --enable-threads=posix --libdir=/usr/lib --enable-nls --enable-clocale=gnu --enable-libstdcxx-debug --enable-libstdcxx-time=yes --with-default-libstdcxx-abi=new --enable-gnu-unique-object --disable-vtable-verify --enable-plugin --enable-default-pie --with-system-zlib --with-target-system-zlib=auto --enable-objc-gc=auto --enable-multiarch --disable-werror --with-arch-32=i686 --with-abi=m64 --with-multilib-list=m32,m64,mx32 --enable-multilib --with-tune=generic --enable-offload-targets=nvptx-none=/build/gcc-9-Av3uEd/gcc-9-9.4.0/debian/tmp-nvptx/usr,hsa --without-cuda-driver --enable-checking=release --build=x86_64-linux-gnu --host=x86_64-linux-gnu --target=x86_64-linux-gnu
Thread model: posix
gcc version 9.4.0 (Ubuntu 9.4.0-1ubuntu1~20.04.1) 
configure:3895: $? = 0
configure:3884: gcc -V >&5
gcc: error: unrecognized command line option '-V'
gcc: fatal error: no input files
compilation terminated.
configure:3895: $? = 1
configure:3884: gcc -qversion >&5
gcc: error: unrecognized command line option '-qversion'; did you mean '--version'?
gcc: fatal error: no input files
compilation terminated.
configure:3895: $? = 1
configure:3899: checking whether we are using the GNU C compiler
configure:3918: gcc -c   conftest.c >&5
configure:3918: $? = 0
configure:3927: result: yes
configure:3936: checking whether gcc accepts -g
configure:3956: gcc -c -g  conftest.c >&5
configure:3956: $? = 0
configure:3997: result: yes
configure:4014: checking for gcc option to accept ISO C89
configure:4077: gcc  -c -g -O2  conftest.c >&5
configure:4077: $? = 0
configure:4090: result: none needed
configure:4115: checking whether gcc understands -c and -o together
configure:4137: gcc -c conftest.c -o conftest2.o
configure:4140: $? = 0
configure:4137: gcc -c conftest.c -o conftest2.o
configure:4140: $? = 0
configure:4152: result: yes
configure:4171: checking dependency style of gcc
configure:4282: result: gcc3
configure:4340: checking for ranlib
configure:4356: found /usr/bin/ranlib
configure:4367: result: ranlib
configure:4389: checking whether ln -s works
configure:4393: result: yes
configure:4452: checking for boostlib >= 1.32.0
configure:4512: g++ -c -g -O2  -I/usr/include conftest.cpp >&5
configure:4512: $? = 0
configure:4514: result: yes
configure:4689: checking for cos in -lm
configure:4714: g++ -o conftest -g -O2  -I/usr/include -I/usr/local/StarterLibRCSC/include  -L/usr/lib64 -L/usr/local/StarterLibRCSC/lib conftest.cpp -lm   >&5
conftest.cpp:19:6: warning: declaration of 'char cos()' conflicts with built-in declaration 'double cos(double)' [-Wbuiltin-declaration-mismatch]
   19 | char cos ();
      |      ^~~
configure:4714: $? = 0
configure:4723: result: yes
configure:4731: checking for deflate in -lz
configure:4756: g++ -o conftest -g -O2  -I/usr/include -I/usr/local/StarterLibRCSC/include  -L/usr/lib64 -L/usr/local/StarterLibRCSC/lib conftest.cpp -lz  -lm  >&5
configure:4756: $? = 0
configure:4765: result: yes
configure:4777: checking for main in -lrcsc_geom
configure:4796: g++ -o conftest -g -O2  -I/usr/include -I/usr/local/StarterLibRCSC/include  -L/usr/lib64 -L/usr/local/StarterLibRCSC/lib conftest.cpp -lrcsc_geom  -lz -lm  >&5
configure:4796: $? = 0
configure:4805: result: yes
configure:4813: checking for main in -lrcsc_rcg
configure:4832: g++ -o conftest -g -O2  -I/usr/include -I/usr/local/StarterLibRCSC/include  -L/usr/lib64 -L/usr/local/StarterLibRCSC/lib conftest.cpp -lrcsc_rcg  -lrcsc_geom -lz -lm  >&5
configure:4832: $? = 0
configure:4841: result: yes
configure:4850: checking for main in -lrcsc_gz
configure:4869: g++ -o conftest -g -O2  -I/usr/include -I/usr/local/StarterLibRCSC/include  -L/usr/lib64 -L/usr/local/StarterLibRCSC/lib conftest.cpp -lrcsc_gz  -lrcsc_rcg -lrcsc_geom -lz -lm  >&5
configure:4869: $? = 0
configure:4878: result: yes
configure:4889: checking for main in -lrcsc_param
configure:4908: g++ -o conftest -g -O2  -I/usr/include -I/usr/local/StarterLibRCSC/include  -L/usr/lib64 -L/usr/local/StarterLibRCSC/lib conftest.cpp -lrcsc_param  -lrcsc_gz -lrcsc_rcg -lrcsc_geom -lz -lm  >&5
configure:4908: $? = 0
configure:4917: result: yes
configure:4925: checking for main in -lrcsc_time
configure:4944: g++ -o conftest -g -O2  -I/usr/include -I/usr/local/StarterLibRCSC/include  -L/usr/lib64 -L/usr/local/StarterLibRCSC/lib conftest.cpp -lrcsc_time  -lrcsc_param -lrcsc_gz -lrcsc_rcg -lrcsc_geom -lz -lm  >&5
configure:4944: $? = 0
configure:4953: result: yes
configure:4961: checking for main in -lrcsc_net
configure:4980: g++ -o conftest -g -O2  -I/usr/include -I/usr/local/StarterLibRCSC/include  -L/usr/lib64 -L/usr/local/StarterLibRCSC/lib conftest.cpp -lrcsc_net  -lrcsc_time -lrcsc_param -lrcsc_gz -lrcsc_rcg -lrcsc_geom -lz -lm  >&5
configure:4980: $? = 0
configure:4989: result: yes
configure:4997: checking for main in -lrcsc_agent
configure:5016: g++ -o conftest -g -O2  -I/usr/include -I/usr/local/StarterLibRCSC/include  -L/usr/lib64 -L/usr/local/StarterLibRCSC/lib conftest.cpp -lrcsc_agent  -lrcsc_net -lrcsc_time -lrcsc_param -lrcsc_gz -lrcsc_rcg -lrcsc_geom -lz -lm  >&5
configure:5016: $? = 0
configure:5025: result: yes
configure:5041: checking how to run the C++ preprocessor
configure:5068: g++ -E  -I/usr/include -I/usr/local/StarterLibRCSC/include conftest.cpp
configure:5068: $? = 0
configure:5082: g++ -E  -I/usr/include -I/usr/local/StarterLibRCSC/include conftest.cpp
conftest.cpp:14:10: fatal error: ac_nonexistent.h: No such file or directory
   14 | #include <ac_nonexistent.h>
      |          ^~~~~~~~~~~~~~~~~~
compilation terminated.
configure:5082: $? = 1
configure: failed program was:
| /* confdefs.h */
| #define PACKAGE_NAME "agent2d"
| #define PACKAGE_TARNAME "agent2d"
| #define PACKAGE_VERSION "3.1.1"
| #define PACKAGE_STRING "agent2d 3.1.1"
| #define PACKAGE_BUGREPORT "akky@users.sourceforge.jp"
| #define PACKAGE_URL ""
| #define PACKAGE "agent2d"
| #define VERSION "3.1.1"
| #define HAVE_BOOST /**/
| #define HAVE_LIBZ 1
| #define HAVE_LIBRCSC_GZ 1
| /* end confdefs.h.  */
| #include <ac_nonexistent.h>
configure:5107: result: g++ -E
configure:5127: g++ -E  -I/usr/include -I/usr/local/StarterLibRCSC/include conftest.cpp
configure:5127: $? = 0
configure:5141: g++ -E  -I/usr/include -I/usr/local/StarterLibRCSC/include conftest.cpp
conftest.cpp:14:10: fatal error: ac_nonexistent.h: No such file or directory
   14 | #include <ac_nonexistent.h>
      |          ^~~~~~~~~~~~~~~~~~
compilation terminated.
configure:5141: $? = 1
configure: failed program was:
| /* confdefs.h */
| #define PACKAGE_NAME "agent2d"
| #define PACKAGE_TARNAME "agent2d"
| #define PACKAGE_VERSION "3.1.1"
| #define PACKAGE_STRING "agent2d 3.1.1"
| #define PACKAGE_BUGREPORT "akky@users.sourceforge.jp"
| #define PACKAGE_URL ""
| #define PACKAGE "agent2d"
| #define VERSION "3.1.1"
| #define HAVE_BOOST /**/
| #define HAVE_LIBZ 1
| #define HAVE_LIBRCSC_GZ 1
| /* end confdefs.h.  */
| #include <ac_nonexistent.h>
configure:5170: checking for grep that handles long lines and -e
configure:5228: result: /bin/grep
configure:5233: checking for egrep
configure:5295: result: /bin/grep -E
configure:5300: checking for ANSI C header files
configure:5320: g++ -c -g -O2  -I/usr/include -I/usr/local/StarterLibRCSC/include conftest.cpp >&5
configure:5320: $? = 0
configure:5393: g++ -o conftest -g -O2  -I/usr/include -I/usr/local/StarterLibRCSC/include  -L/usr/lib64 -L/usr/local/StarterLibRCSC/lib conftest.cpp -lrcsc_agent -lrcsc_net -lrcsc_time -lrcsc_param -lrcsc_gz -lrcsc_rcg -lrcsc_geom -lz -lm  >&5
configure:5393: $? = 0
configure:5393: ./conftest
configure:5393: $? = 0
configure:5404: result: yes
configure:5417: checking for sys/types.h
configure:5417: g++ -c -g -O2  -I/usr/include -I/usr/local/StarterLibRCSC/include conftest.cpp >&5
configure:5417: $? = 0
configure:5417: result: yes
configure:5417: checking for sys/stat.h
configure:5417: g++ -c -g -O2  -I/usr/include -I/usr/local/StarterLibRCSC/include conftest.cpp >&5
configure:5417: $? = 0
configure:5417: result: yes
configure:5417: checking for stdlib.h
configure:5417: g++ -c -g -O2  -I/usr/include -I/usr/local/StarterLibRCSC/include conftest.cpp >&5
configure:5417: $? = 0
configure:5417: result: yes
configure:5417: checking for string.h
configure:5417: g++ -c -g -O2  -I/usr/include -I/usr/local/StarterLibRCSC/include conftest.cpp >&5
configure:5417: $? = 0
configure:5417: result: yes
configure:5417: checking for memory.h
configure:5417: g++ -c -g -O2  -I/usr/include -I/usr/local/StarterLibRCSC/include conftest.cpp >&5
configure:5417: $? = 0
configure:5417: result: yes
configure:5417: checking for strings.h
configure:5417: g++ -c -g -O2  -I/usr/include -I/usr/local/StarterLibRCSC/include conftest.cpp >&5
configure:5417: $? = 0
configure:5417: result: yes
configure:5417: checking for inttypes.h
configure:5417: g++ -c -g -O2  -I/usr/include -I/usr/local/StarterLibRCSC/include conftest.cpp >&5
configure:5417: $? = 0
configure:5417: result: yes
configure:5417: checking for stdint.h
configure:5417: g++ -c -g -O2  -I/usr/include -I/usr/local/StarterLibRCSC/include conftest.cpp >&5
configure:5417: $? = 0
configure:5417: result: yes
configure:5417: checking for unistd.h
configure:5417: g++ -c -g -O2  -I/usr/include -I/usr/local/StarterLibRCSC/include conftest.cpp >&5
configure:5417: $? = 0
configure:5417: result: yes
configure:5431: checking rcsc/types.h usability
configure:5431: g++ -c -g -O2  -I/usr/include -I/usr/local/StarterLibRCSC/include conftest.cpp >&5
configure:5431: $? = 0
configure:5431: result: yes
configure:5431: checking rcsc/types.h presence
configure:5431: g++ -E  -I/usr/include -I/usr/local/StarterLibRCSC/include conftest.cpp
configure:5431: $? = 0
configure:5431: result: yes
configure:5431: checking for rcsc/types.h
configure:5431: result: yes
configure:5444: checking for stdbool.h that conforms to C99
configure:5511: g++ -c -g -O2  -I/usr/include -I/usr/local/StarterLibRCSC/include conftest.cpp >&5
conftest.cpp:28:15: error: expected unqualified-id before string constant
   28 |               "error: bool is not defined"
      |               ^~~~~~~~~~~~~~~~~~~~~~~~~~~~
conftest.cpp:46:48: error: 's' does not name a type
   46 |              struct s { _Bool s: 1; _Bool t; } s;
      |                                                ^
conftest.cpp:56:28: error: 's' was not declared in this scope
   56 |              char i[sizeof s.t];
      |                            ^
conftest.cpp: In function 'int main()':
conftest.cpp:74:24: error: 's' was not declared in this scope
   74 |              bool e = &s;
      |                        ^
conftest.cpp:78:63: error: 'i' was not declared in this scope
   78 |              return (!a + !b + !c + !d + !e + !f + !g + !h + !i + !!j + !k + !!l
      |                                                               ^
configure:5511: $? = 1
configure: failed program was:
| /* confdefs.h */
| #define PACKAGE_NAME "agent2d"
| #define PACKAGE_TARNAME "agent2d"
| #define PACKAGE_VERSION "3.1.1"
| #define PACKAGE_STRING "agent2d 3.1.1"
| #define PACKAGE_BUGREPORT "akky@users.sourceforge.jp"
| #define PACKAGE_URL ""
| #define PACKAGE "agent2d"
| #define VERSION "3.1.1"
| #define HAVE_BOOST /**/
| #define HAVE_LIBZ 1
| #define HAVE_LIBRCSC_GZ 1
| #define STDC_HEADERS 1
| #define HAVE_SYS_TYPES_H 1
| #define HAVE_SYS_STAT_H 1
| #define HAVE_STDLIB_H 1
| #define HAVE_STRING_H 1
| #define HAVE_MEMORY_H 1
| #define HAVE_STRINGS_H 1
| #define HAVE_INTTYPES_H 1
| #define HAVE_STDINT_H 1
| #define HAVE_UNISTD_H 1
| #define HAVE_RCSC_TYPES_H 1
| /* end confdefs.h.  */
| 
|              #include <stdbool.h>
|              #ifndef bool
|               "error: bool is not defined"
|              #endif
|              #ifndef false
|               "error: false is not defined"
|              #endif
|              #if false
|               "error: false is not 0"
|              #endif
|              #ifndef true
|               "error: true is not defined"
|              #endif
|              #if true != 1
|               "error: true is not 1"
|              #endif
|              #ifndef __bool_true_false_are_defined
|               "error: __bool_true_false_are_defined is not defined"
|              #endif
| 
|              struct s { _Bool s: 1; _Bool t; } s;
| 
|              char a[true == 1 ? 1 : -1];
|              char b[false == 0 ? 1 : -1];
|              char c[__bool_true_false_are_defined == 1 ? 1 : -1];
|              char d[(bool) 0.5 == true ? 1 : -1];
|              /* See body of main program for 'e'.  */
|              char f[(_Bool) 0.0 == false ? 1 : -1];
|              char g[true];
|              char h[sizeof (_Bool)];
|              char i[sizeof s.t];
|              enum { j = false, k = true, l = false * true, m = true * 256 };
|              /* The following fails for
|                 HP aC++/ANSI C B3910B A.05.55 [Dec 04 2003]. */
|              _Bool n[m];
|              char o[sizeof n == m * sizeof n[0] ? 1 : -1];
|              char p[-1 - (_Bool) 0 < 0 && -1 - (bool) 0 < 0 ? 1 : -1];
|              /* Catch a bug in an HP-UX C compiler.  See
|                 http://gcc.gnu.org/ml/gcc-patches/2003-12/msg02303.html
|                 http://lists.gnu.org/archive/html/bug-coreutils/2005-11/msg00161.html
|               */
|              _Bool q = true;
|              _Bool *pq = &q;
| 
| int
| main ()
| {
| 
|              bool e = &s;
|              *pq |= q;
|              *pq |= ! q;
|              /* Refer to every declared value, to avoid compiler optimizations.  */
|              return (!a + !b + !c + !d + !e + !f + !g + !h + !i + !!j + !k + !!l
|                      + !m + !n + !o + !p + !q + !pq);
| 
|   ;
|   return 0;
| }
configure:5518: result: no
configure:5520: checking for _Bool
configure:5520: g++ -c -g -O2  -I/usr/include -I/usr/local/StarterLibRCSC/include conftest.cpp >&5
conftest.cpp: In function 'int main()':
conftest.cpp:61:13: error: '_Bool' was not declared in this scope
   61 | if (sizeof (_Bool))
      |             ^~~~~
configure:5520: $? = 1
configure: failed program was:
| /* confdefs.h */
| #define PACKAGE_NAME "agent2d"
| #define PACKAGE_TARNAME "agent2d"
| #define PACKAGE_VERSION "3.1.1"
| #define PACKAGE_STRING "agent2d 3.1.1"
| #define PACKAGE_BUGREPORT "akky@users.sourceforge.jp"
| #define PACKAGE_URL ""
| #define PACKAGE "agent2d"
| #define VERSION "3.1.1"
| #define HAVE_BOOST /**/
| #define HAVE_LIBZ 1
| #define HAVE_LIBRCSC_GZ 1
| #define STDC_HEADERS 1
| #define HAVE_SYS_TYPES_H 1
| #define HAVE_SYS_STAT_H 1
| #define HAVE_STDLIB_H 1
| #define HAVE_STRING_H 1
| #define HAVE_MEMORY_H 1
| #define HAVE_STRINGS_H 1
| #define HAVE_INTTYPES_H 1
| #define HAVE_STDINT_H 1
| #define HAVE_UNISTD_H 1
| #define HAVE_RCSC_TYPES_H 1
| /* end confdefs.h.  */
| #include <stdio.h>
| #ifdef HAVE_SYS_TYPES_H
| # include <sys/types.h>
| #endif
| #ifdef HAVE_SYS_STAT_H
| # include <sys/stat.h>
| #endif
| #ifdef STDC_HEADERS
| # include <stdlib.h>
| # include <stddef.h>
| #else
| # ifdef HAVE_STDLIB_H
| #  include <stdlib.h>
| # endif
| #endif
| #ifdef HAVE_STRING_H
| # if !defined STDC_HEADERS && defined HAVE_MEMORY_H
| #  include <memory.h>
| # endif
| # include <string.h>
| #endif
| #ifdef HAVE_STRINGS_H
| # include <strings.h>
| #endif
| #ifdef HAVE_INTTYPES_H
| # include <inttypes.h>
| #endif
| #ifdef HAVE_STDINT_H
| # include <stdint.h>
| #endif
| #ifdef HAVE_UNISTD_H
| # include <unistd.h>
| #endif
| int
| main ()
| {
| if (sizeof (_Bool))
| 	 return 0;
|   ;
|   return 0;
| }
configure:5520: result: no
configure:5537: checking for an ANSI C-conforming const
configure:5603: g++ -c -g -O2  -I/usr/include -I/usr/local/StarterLibRCSC/include conftest.cpp >&5
configure:5603: $? = 0
configure:5610: result: yes
configure:5618: checking for inline
configure:5634: g++ -c -g -O2  -I/usr/include -I/usr/local/StarterLibRCSC/include conftest.cpp >&5
configure:5634: $? = 0
configure:5642: result: inline
configure:5660: checking for size_t
configure:5660: g++ -c -g -O2  -I/usr/include -I/usr/local/StarterLibRCSC/include conftest.cpp >&5
configure:5660: $? = 0
configure:5660: g++ -c -g -O2  -I/usr/include -I/usr/local/StarterLibRCSC/include conftest.cpp >&5
conftest.cpp: In function 'int main()':
conftest.cpp:61:20: error: expected primary-expression before ')' token
   61 | if (sizeof ((size_t)))
      |                    ^
configure:5660: $? = 1
configure: failed program was:
| /* confdefs.h */
| #define PACKAGE_NAME "agent2d"
| #define PACKAGE_TARNAME "agent2d"
| #define PACKAGE_VERSION "3.1.1"
| #define PACKAGE_STRING "agent2d 3.1.1"
| #define PACKAGE_BUGREPORT "akky@users.sourceforge.jp"
| #define PACKAGE_URL ""
| #define PACKAGE "agent2d"
| #define VERSION "3.1.1"
| #define HAVE_BOOST /**/
| #define HAVE_LIBZ 1
| #define HAVE_LIBRCSC_GZ 1
| #define STDC_HEADERS 1
| #define HAVE_SYS_TYPES_H 1
| #define HAVE_SYS_STAT_H 1
| #define HAVE_STDLIB_H 1
| #define HAVE_STRING_H 1
| #define HAVE_MEMORY_H 1
| #define HAVE_STRINGS_H 1
| #define HAVE_INTTYPES_H 1
| #define HAVE_STDINT_H 1
| #define HAVE_UNISTD_H 1
| #define HAVE_RCSC_TYPES_H 1
| /* end confdefs.h.  */
| #include <stdio.h>
| #ifdef HAVE_SYS_TYPES_H
| # include <sys/types.h>
| #endif
| #ifdef HAVE_SYS_STAT_H
| # include <sys/stat.h>
| #endif
| #ifdef STDC_HEADERS
| # include <stdlib.h>
| # include <stddef.h>
| #else
| # ifdef HAVE_STDLIB_H
| #  include <stdlib.h>
| # endif
| #endif
| #ifdef HAVE_STRING_H
| # if !defined STDC_HEADERS && defined HAVE_MEMORY_H
| #  include <memory.h>
| # endif
| # include <string.h>
| #endif
| #ifdef HAVE_STRINGS_H
| # include <strings.h>
| #endif
| #ifdef HAVE_INTTYPES_H
| # include <inttypes.h>
| #endif
| #ifdef HAVE_STDINT_H
| # include <stdint.h>
| #endif
| #ifdef HAVE_UNISTD_H
| # include <unistd.h>
| #endif
| int
| main ()
| {
| if (sizeof ((size_t)))
| 	    return 0;
|   ;
|   return 0;
| }
configure:5660: result: yes
configure:5671: checking whether time.h and sys/time.h may both be included
configure:5691: g++ -c -g -O2  -I/usr/include -I/usr/local/StarterLibRCSC/include conftest.cpp >&5
configure:5691: $? = 0
configure:5698: result: yes
configure:5723: checking for ANSI C header files
configure:5827: result: yes
configure:5838: checking for floor
configure:5838: g++ -o conftest -g -O2  -I/usr/include -I/usr/local/StarterLibRCSC/include  -L/usr/lib64 -L/usr/local/StarterLibRCSC/lib conftest.cpp -lrcsc_agent -lrcsc_net -lrcsc_time -lrcsc_param -lrcsc_gz -lrcsc_rcg -lrcsc_geom -lz -lm  >&5
conftest.cpp:50:6: warning: declaration of 'char floor()' conflicts with built-in declaration 'double floor(double)' [-Wbuiltin-declaration-mismatch]
   50 | char floor ();
      |      ^~~~~
configure:5838: $? = 0
configure:5838: result: yes
configure:5838: checking for pow
configure:5838: g++ -o conftest -g -O2  -I/usr/include -I/usr/local/StarterLibRCSC/include  -L/usr/lib64 -L/usr/local/StarterLibRCSC/lib conftest.cpp -lrcsc_agent -lrcsc_net -lrcsc_time -lrcsc_param -lrcsc_gz -lrcsc_rcg -lrcsc_geom -lz -lm  >&5
conftest.cpp:51:6: warning: declaration of 'char pow()' conflicts with built-in declaration 'double pow(double, double)' [-Wbuiltin-declaration-mismatch]
   51 | char pow ();
      |      ^~~
configure:5838: $? = 0
configure:5838: result: yes
configure:5838: checking for sqrt
configure:5838: g++ -o conftest -g -O2  -I/usr/include -I/usr/local/StarterLibRCSC/include  -L/usr/lib64 -L/usr/local/StarterLibRCSC/lib conftest.cpp -lrcsc_agent -lrcsc_net -lrcsc_time -lrcsc_param -lrcsc_gz -lrcsc_rcg -lrcsc_geom -lz -lm  >&5
conftest.cpp:52:6: warning: declaration of 'char sqrt()' conflicts with built-in declaration 'double sqrt(double)' [-Wbuiltin-declaration-mismatch]
   52 | char sqrt ();
      |      ^~~~
configure:5838: $? = 0
configure:5838: result: yes
configure:5838: checking for strerror
configure:5838: g++ -o conftest -g -O2  -I/usr/include -I/usr/local/StarterLibRCSC/include  -L/usr/lib64 -L/usr/local/StarterLibRCSC/lib conftest.cpp -lrcsc_agent -lrcsc_net -lrcsc_time -lrcsc_param -lrcsc_gz -lrcsc_rcg -lrcsc_geom -lz -lm  >&5
configure:5838: $? = 0
configure:5838: result: yes
configure:5951: checking that generated files are newer than configure
configure:5957: result: done
configure:5984: creating ./config.status

## ---------------------- ##
## Running config.status. ##
## ---------------------- ##

This file was extended by agent2d config.status 3.1.1, which was
generated by GNU Autoconf 2.69.  Invocation command line was

  CONFIG_FILES    = 
  CONFIG_HEADERS  = 
  CONFIG_LINKS    = 
  CONFIG_COMMANDS = 
  $ ./config.status 

on glopes-Ideapad

config.status:874: creating Makefile
config.status:874: creating src/Makefile
config.status:874: creating src/start.sh
config.status:874: creating src/keepaway.sh
config.status:874: creating src/train.sh
config.status:874: creating config.h
config.status:1055: config.h is unchanged
config.status:1103: executing depfiles commands
config.status:1180: cd src       && sed -e '/# am--include-marker/d' Makefile         | make -f - am--depfiles
make: Nothing to be done for 'am--depfiles'.
config.status:1185: $? = 0

## ---------------- ##
## Cache variables. ##
## ---------------- ##

ac_cv_c_compiler_gnu=yes
ac_cv_c_const=yes
ac_cv_c_inline=inline
ac_cv_cxx_compiler_gnu=yes
ac_cv_env_CCC_set=
ac_cv_env_CCC_value=
ac_cv_env_CC_set=
ac_cv_env_CC_value=
ac_cv_env_CFLAGS_set=
ac_cv_env_CFLAGS_value=
ac_cv_env_CPPFLAGS_set=
ac_cv_env_CPPFLAGS_value=
ac_cv_env_CXXCPP_set=
ac_cv_env_CXXCPP_value=
ac_cv_env_CXXFLAGS_set=
ac_cv_env_CXXFLAGS_value=
ac_cv_env_CXX_set=
ac_cv_env_CXX_value=
ac_cv_env_LDFLAGS_set=
ac_cv_env_LDFLAGS_value=
ac_cv_env_LIBS_set=
ac_cv_env_LIBS_value=
ac_cv_env_build_alias_set=
ac_cv_env_build_alias_value=
ac_cv_env_host_alias_set=
ac_cv_env_host_alias_value=
ac_cv_env_target_alias_set=
ac_cv_env_target_alias_value=
ac_cv_func_floor=yes
ac_cv_func_pow=yes
ac_cv_func_sqrt=yes
ac_cv_func_strerror=yes
ac_cv_header_inttypes_h=yes
ac_cv_header_memory_h=yes
ac_cv_header_rcsc_types_h=yes
ac_cv_header_stdbool_h=no
ac_cv_header_stdc=yes
ac_cv_header_stdint_h=yes
ac_cv_header_stdlib_h=yes
ac_cv_header_string_h=yes
ac_cv_header_strings_h=yes
ac_cv_header_sys_stat_h=yes
ac_cv_header_sys_types_h=yes
ac_cv_header_time=yes
ac_cv_header_unistd_h=yes
ac_cv_lib_m_cos=yes
ac_cv_lib_rcsc_agent_main=yes
ac_cv_lib_rcsc_geom_main=yes
ac_cv_lib_rcsc_gz_main=yes
ac_cv_lib_rcsc_net_main=yes
ac_cv_lib_rcsc_param_main=yes
ac_cv_lib_rcsc_rcg_main=yes
ac_cv_lib_rcsc_time_main=yes
ac_cv_lib_z_deflate=yes
ac_cv_objext=o
ac_cv_path_EGREP='/bin/grep -E'
ac_cv_path_GREP=/bin/grep
ac_cv_path_install='/usr/bin/install -c'
ac_cv_path_mkdir=/bin/mkdir
ac_cv_prog_AWK=mawk
ac_cv_prog_CXXCPP='g++ -E'
ac_cv_prog_ac_ct_CC=gcc
ac_cv_prog_ac_ct_CXX=g++
ac_cv_prog_ac_ct_RANLIB=ranlib
ac_cv_prog_cc_c89=
ac_cv_prog_cc_g=yes
ac_cv_prog_cxx_g=yes
ac_cv_prog_make_make_set=yes
ac_cv_type__Bool=no
ac_cv_type_size_t=yes
am_cv_CC_dependencies_compiler_type=gcc3
am_cv_CXX_dependencies_compiler_type=gcc3
am_cv_make_support_nested_variables=yes
am_cv_prog_cc_c_o=yes

## ----------------- ##
## Output variables. ##
## ----------------- ##

ACLOCAL='${SHELL} /home/glopes/Documents/robocin/Bases/starterAgentRC/project-sim2d/config/missing aclocal-1.16'
AMDEPBACKSLASH='\'
AMDEP_FALSE='#'
AMDEP_TRUE=''
AMTAR='$${TAR-tar}'
AM_BACKSLASH='\'
AM_DEFAULT_V='$(AM_DEFAULT_VERBOSITY)'
AM_DEFAULT_VERBOSITY='1'
AM_V='$(V)'
AUTOCONF='${SHELL} /home/glopes/Documents/robocin/Bases/starterAgentRC/project-sim2d/config/missing autoconf'
AUTOHEADER='${SHELL} /home/glopes/Documents/robocin/Bases/starterAgentRC/project-sim2d/config/missing autoheader'
AUTOMAKE='${SHELL} /home/glopes/Documents/robocin/Bases/starterAgentRC/project-sim2d/config/missing automake-1.16'
AWK='mawk'
BOOST_CPPFLAGS='-I/usr/include'
BOOST_LDFLAGS='-L/usr/lib64'
CC='gcc'
CCDEPMODE='depmode=gcc3'
CFLAGS='-g -O2'
CPPFLAGS=' -I/usr/include -I/usr/local/StarterLibRCSC/include'
CXX='g++'
CXXCPP='g++ -E'
CXXDEPMODE='depmode=gcc3'
CXXFLAGS='-g -O2'
CYGPATH_W='echo'
DEFS='-DHAVE_CONFIG_H'
DEPDIR='.deps'
ECHO_C=''
ECHO_N='-n'
ECHO_T=''
EGREP='/bin/grep -E'
EXEEXT=''
GREP='/bin/grep'
INSTALL_DATA='${INSTALL} -m 644'
INSTALL_PROGRAM='${INSTALL}'
INSTALL_SCRIPT='${INSTALL}'
INSTALL_STRIP_PROGRAM='$(install_sh) -c -s'
LDFLAGS=' -L/usr/lib64 -L/usr/local/StarterLibRCSC/lib'
LIBOBJS=''
LIBRCSCLIB='/usr/local/StarterLibRCSC/lib'
LIBS='-lrcsc_agent -lrcsc_net -lrcsc_time -lrcsc_param -lrcsc_gz -lrcsc_rcg -lrcsc_geom -lz -lm '
LN_S='ln -s'
LTLIBOBJS=''
MAKEINFO='${SHELL} /home/glopes/Documents/robocin/Bases/starterAgentRC/project-sim2d/config/missing makeinfo'
MKDIR_P='/bin/mkdir -p'
OBJEXT='o'
PACKAGE='agent2d'
PACKAGE_BUGREPORT='akky@users.sourceforge.jp'
PACKAGE_NAME='agent2d'
PACKAGE_STRING='agent2d 3.1.1'
PACKAGE_TARNAME='agent2d'
PACKAGE_URL=''
PACKAGE_VERSION='3.1.1'
PATH_SEPARATOR=':'
RANLIB='ranlib'
SET_MAKE=''
SHELL='/bin/bash'
STRIP=''
VERSION='3.1.1'
ac_ct_CC='gcc'
ac_ct_CXX='g++'
am__EXEEXT_FALSE=''
am__EXEEXT_TRUE='#'
am__fastdepCC_FALSE='#'
am__fastdepCC_TRUE=''
am__fastdepCXX_FALSE='#'
am__fastdepCXX_TRUE=''
am__include='include'
am__isrc=''
am__leading_dot='.'
am__nodep='_no'
am__quote=''
am__tar='$${TAR-tar} chof - "$$tardir"'
am__untar='$${TAR-tar} xf -'
bindir='${exec_prefix}/bin'
build_alias=''
datadir='${datarootdir}'
datarootdir='${prefix}/share'
docdir='${datarootdir}/doc/${PACKAGE_TARNAME}'
dvidir='${docdir}'
exec_prefix='${prefix}'
host_alias=''
htmldir='${docdir}'
includedir='${prefix}/include'
infodir='${datarootdir}/info'
install_sh='${SHELL} /home/glopes/Documents/robocin/Bases/starterAgentRC/project-sim2d/config/install-sh'
libdir='${exec_prefix}/lib'
libexecdir='${exec_prefix}/libexec'
localedir='${datarootdir}/locale'
localstatedir='${prefix}/var'
mandir='${datarootdir}/man'
mkdir_p='$(MKDIR_P)'
oldincludedir='/usr/include'
pdfdir='${docdir}'
prefix='/usr/local'
program_transform_name='s,x,x,'
psdir='${docdir}'
runstatedir='${localstatedir}/run'
sbindir='${exec_prefix}/sbin'
sharedstatedir='${prefix}/com'
sysconfdir='${prefix}/etc'
target_alias=''

## ----------- ##
## confdefs.h. ##
## ----------- ##

/* confdefs.h */
#define PACKAGE_NAME "agent2d"
#define PACKAGE_TARNAME "agent2d"
#define PACKAGE_VERSION "3.1.1"
#define PACKAGE_STRING "agent2d 3.1.1"
#define PACKAGE_BUGREPORT "akky@users.sourceforge.jp"
#define PACKAGE_URL ""
#define PACKAGE "agent2d"
#define VERSION "3.1.1"
#define HAVE_BOOST /**/
#define HAVE_LIBZ 1
#define HAVE_LIBRCSC_GZ 1
#define STDC_HEADERS 1
#define HAVE_SYS_TYPES_H 1
#define HAVE_SYS_STAT_H 1
#define HAVE_STDLIB_H 1
#define HAVE_STRING_H 1
#define HAVE_MEMORY_H 1
#define HAVE_STRINGS_H 1
#define HAVE_INTTYPES_H 1
#define HAVE_STDINT_H 1
#define HAVE_UNISTD_H 1
#define HAVE_RCSC_TYPES_H 1
#define TIME_WITH_SYS_TIME 1
#define STDC_HEADERS 1
#define HAVE_FLOOR 1
#define HAVE_POW 1
#define HAVE_SQRT 1
#define HAVE_STRERROR 1

configure: exit 0
